{"/Users/celinauemura/jobs/mckinsey/fe-tests/src/components/Button/index.tsx": {"path":"/Users/celinauemura/jobs/mckinsey/fe-tests/src/components/Button/index.tsx","statementMap":{"0":{"start":{"line":14,"column":6},"end":{"line":16,"column":7}},"1":{"start":{"line":15,"column":8},"end":{"line":15,"column":null}}},"fnMap":{"0":{"name":"(anonymous_1)","decl":{"start":{"line":13,"column":13},"end":{"line":13,"column":19}},"loc":{"start":{"line":13,"column":19},"end":{"line":17,"column":null}}}},"branchMap":{"0":{"loc":{"start":{"line":11,"column":15},"end":{"line":11,"column":48}},"type":"cond-expr","locations":[{"start":{"line":11,"column":26},"end":{"line":11,"column":43}},{"start":{"line":11,"column":43},"end":{"line":11,"column":48}}]},"1":{"loc":{"start":{"line":14,"column":6},"end":{"line":16,"column":7}},"type":"if","locations":[{"start":{"line":14,"column":6},"end":{"line":16,"column":7}},{"start":{"line":14,"column":6},"end":{"line":16,"column":7}}]},"2":{"loc":{"start":{"line":14,"column":10},"end":{"line":14,"column":32}},"type":"binary-expr","locations":[{"start":{"line":14,"column":10},"end":{"line":14,"column":23}},{"start":{"line":14,"column":23},"end":{"line":14,"column":32}}]}},"s":{"0":1,"1":1},"f":{"0":1},"b":{"0":[0,1],"1":[1,0],"2":[1,1]}}
,"/Users/celinauemura/jobs/mckinsey/fe-tests/src/pages/Home/index.tsx": {"path":"/Users/celinauemura/jobs/mckinsey/fe-tests/src/pages/Home/index.tsx","statementMap":{"0":{"start":{"line":7,"column":13},"end":{"line":36,"column":null}},"1":{"start":{"line":8,"column":26},"end":{"line":8,"column":null}},"2":{"start":{"line":9,"column":2},"end":{"line":20,"column":null}},"3":{"start":{"line":10,"column":20},"end":{"line":18,"column":null}},"4":{"start":{"line":11,"column":18},"end":{"line":11,"column":null}},"5":{"start":{"line":12,"column":6},"end":{"line":17,"column":7}},"6":{"start":{"line":13,"column":18},"end":{"line":13,"column":null}},"7":{"start":{"line":14,"column":8},"end":{"line":16,"column":9}},"8":{"start":{"line":15,"column":10},"end":{"line":15,"column":null}},"9":{"start":{"line":19,"column":4},"end":{"line":19,"column":null}},"10":{"start":{"line":21,"column":19},"end":{"line":21,"column":null}},"11":{"start":{"line":22,"column":22},"end":{"line":24,"column":null}},"12":{"start":{"line":23,"column":4},"end":{"line":23,"column":null}}},"fnMap":{"0":{"name":"(anonymous_0)","decl":{"start":{"line":7,"column":13},"end":{"line":7,"column":19}},"loc":{"start":{"line":7,"column":19},"end":{"line":36,"column":null}}},"1":{"name":"(anonymous_1)","decl":{"start":{"line":9,"column":12},"end":{"line":9,"column":18}},"loc":{"start":{"line":9,"column":18},"end":{"line":20,"column":5}}},"2":{"name":"(anonymous_2)","decl":{"start":{"line":10,"column":20},"end":{"line":10,"column":32}},"loc":{"start":{"line":10,"column":32},"end":{"line":18,"column":null}}},"3":{"name":"(anonymous_3)","decl":{"start":{"line":22,"column":22},"end":{"line":22,"column":28}},"loc":{"start":{"line":22,"column":28},"end":{"line":24,"column":null}}}},"branchMap":{"0":{"loc":{"start":{"line":12,"column":6},"end":{"line":17,"column":7}},"type":"if","locations":[{"start":{"line":12,"column":6},"end":{"line":17,"column":7}},{"start":{"line":12,"column":6},"end":{"line":17,"column":7}}]},"1":{"loc":{"start":{"line":14,"column":8},"end":{"line":16,"column":9}},"type":"if","locations":[{"start":{"line":14,"column":8},"end":{"line":16,"column":9}},{"start":{"line":14,"column":8},"end":{"line":16,"column":9}}]}},"s":{"0":1,"1":1,"2":1,"3":1,"4":1,"5":0,"6":0,"7":0,"8":0,"9":1,"10":1,"11":1,"12":1},"f":{"0":1,"1":1,"2":1,"3":1},"b":{"0":[0,0],"1":[0,0]}}
}
